# JRE version: OpenJDK Runtime Environment (11.0.8+10) (build 11.0.8+10-b944.6842174)
# Java VM: OpenJDK 64-Bit Server VM (11.0.8+10-b944.6842174, mixed mode, tiered, compressed oops, g1 gc, windows-amd64)
Heap:
 garbage-first heap   total 189440K, used 43920K [0x0000000080000000, 0x0000000100000000)
  region size 1024K, 7 young (7168K), 7 survivors (7168K)
 Metaspace       used 58643K, capacity 60042K, committed 60160K, reserved 1101824K
  class space    used 7425K, capacity 7906K, committed 7936K, reserved 1048576K
GC Heap History (19 events):
Event: 0.990 GC heap before
{Heap before GC invocations=0 (full 0):
 garbage-first heap   total 131072K, used 19456K [0x0000000080000000, 0x0000000100000000)
  region size 1024K, 14 young (14336K), 0 survivors (0K)
 Metaspace       used 7449K, capacity 7615K, committed 7680K, reserved 1056768K
  class space    used 686K, capacity 748K, committed 768K, reserved 1048576K
}
Event: 0.996 GC heap after
{Heap after GC invocations=1 (full 0):
 garbage-first heap   total 131072K, used 8117K [0x0000000080000000, 0x0000000100000000)
  region size 1024K, 2 young (2048K), 2 survivors (2048K)
 Metaspace       used 7449K, capacity 7615K, committed 7680K, reserved 1056768K
  class space    used 686K, capacity 748K, committed 768K, reserved 1048576K
}
Event: 1.518 GC heap before
{Heap before GC invocations=1 (full 0):
 garbage-first heap   total 131072K, used 20405K [0x0000000080000000, 0x0000000100000000)
  region size 1024K, 14 young (14336K), 2 survivors (2048K)
 Metaspace       used 10839K, capacity 11080K, committed 11264K, reserved 1058816K
  class space    used 1142K, capacity 1201K, committed 1280K, reserved 1048576K
}
Event: 1.523 GC heap after
{Heap after GC invocations=2 (full 0):
 garbage-first heap   total 131072K, used 9257K [0x0000000080000000, 0x0000000100000000)
  region size 1024K, 1 young (1024K), 1 survivors (1024K)
 Metaspace       used 10839K, capacity 11080K, committed 11264K, reserved 1058816K
  class space    used 1142K, capacity 1201K, committed 1280K, reserved 1048576K
}
Event: 2.028 GC heap before
{Heap before GC invocations=2 (full 0):
 garbage-first heap   total 131072K, used 36905K [0x0000000080000000, 0x0000000100000000)
  region size 1024K, 29 young (29696K), 1 survivors (1024K)
 Metaspace       used 10984K, capacity 11208K, committed 11520K, reserved 1058816K
  class space    used 1144K, capacity 1201K, committed 1280K, reserved 1048576K
}
Event: 2.035 GC heap after
{Heap after GC invocations=3 (full 0):
 garbage-first heap   total 131072K, used 13303K [0x0000000080000000, 0x0000000100000000)
  region size 1024K, 4 young (4096K), 4 survivors (4096K)
 Metaspace       used 10984K, capacity 11208K, committed 11520K, reserved 1058816K
  class space    used 1144K, capacity 1201K, committed 1280K, reserved 1048576K
}
Event: 4.282 GC heap before
{Heap before GC invocations=3 (full 0):
 garbage-first heap   total 131072K, used 54263K [0x0000000080000000, 0x0000000100000000)
  region size 1024K, 44 young (45056K), 4 survivors (4096K)
 Metaspace       used 18890K, capacity 19405K, committed 19584K, reserved 1067008K
  class space    used 2281K, capacity 2394K, committed 2432K, reserved 1048576K
}
Event: 4.292 GC heap after
{Heap after GC invocations=4 (full 0):
 garbage-first heap   total 131072K, used 16175K [0x0000000080000000, 0x0000000100000000)
  region size 1024K, 3 young (3072K), 3 survivors (3072K)
 Metaspace       used 18890K, capacity 19405K, committed 19584K, reserved 1067008K
  class space    used 2281K, capacity 2394K, committed 2432K, reserved 1048576K
}
Event: 4.491 GC heap before
{Heap before GC invocations=4 (full 0):
 garbage-first heap   total 131072K, used 28463K [0x0000000080000000, 0x0000000100000000)
  region size 1024K, 16 young (16384K), 3 survivors (3072K)
 Metaspace       used 20601K, capacity 21111K, committed 21248K, reserved 1067008K
  class space    used 2526K, capacity 2712K, committed 2816K, reserved 1048576K
}
Event: 4.499 GC heap after
{Heap after GC invocations=5 (full 0):
 garbage-first heap   total 157696K, used 16590K [0x0000000080000000, 0x0000000100000000)
  region size 1024K, 4 young (4096K), 4 survivors (4096K)
 Metaspace       used 20601K, capacity 21111K, committed 21248K, reserved 1067008K
  class space    used 2526K, capacity 2712K, committed 2816K, reserved 1048576K
}
Event: 5.610 GC heap before
{Heap before GC invocations=6 (full 0):
 garbage-first heap   total 157696K, used 71886K [0x0000000080000000, 0x0000000100000000)
  region size 1024K, 59 young (60416K), 4 survivors (4096K)
 Metaspace       used 26776K, capacity 27409K, committed 27648K, reserved 1073152K
  class space    used 3522K, capacity 3753K, committed 3840K, reserved 1048576K
}
Event: 5.619 GC heap after
{Heap after GC invocations=7 (full 0):
 garbage-first heap   total 157696K, used 18553K [0x0000000080000000, 0x0000000100000000)
  region size 1024K, 6 young (6144K), 6 survivors (6144K)
 Metaspace       used 26776K, capacity 27409K, committed 27648K, reserved 1073152K
  class space    used 3522K, capacity 3753K, committed 3840K, reserved 1048576K
}
Event: 6.748 GC heap before
{Heap before GC invocations=7 (full 0):
 garbage-first heap   total 157696K, used 60537K [0x0000000080000000, 0x0000000100000000)
  region size 1024K, 48 young (49152K), 6 survivors (6144K)
 Metaspace       used 35114K, capacity 35829K, committed 35840K, reserved 1081344K
  class space    used 4570K, capacity 4856K, committed 4864K, reserved 1048576K
}
Event: 6.765 GC heap after
{Heap after GC invocations=8 (full 0):
 garbage-first heap   total 157696K, used 21684K [0x0000000080000000, 0x0000000100000000)
  region size 1024K, 9 young (9216K), 9 survivors (9216K)
 Metaspace       used 35114K, capacity 35829K, committed 35840K, reserved 1081344K
  class space    used 4570K, capacity 4856K, committed 4864K, reserved 1048576K
}
Event: 8.515 GC heap before
{Heap before GC invocations=9 (full 0):
 garbage-first heap   total 157696K, used 109748K [0x0000000080000000, 0x0000000100000000)
  region size 1024K, 92 young (94208K), 9 survivors (9216K)
 Metaspace       used 43248K, capacity 44215K, committed 44416K, reserved 1087488K
  class space    used 5562K, capacity 5903K, committed 6016K, reserved 1048576K
}
Event: 8.540 GC heap after
{Heap after GC invocations=10 (full 0):
 garbage-first heap   total 157696K, used 25726K [0x0000000080000000, 0x0000000100000000)
  region size 1024K, 10 young (10240K), 10 survivors (10240K)
 Metaspace       used 43248K, capacity 44215K, committed 44416K, reserved 1087488K
  class space    used 5562K, capacity 5903K, committed 6016K, reserved 1048576K
}
Event: 10.152 GC heap before
{Heap before GC invocations=10 (full 0):
 garbage-first heap   total 157696K, used 111742K [0x0000000080000000, 0x0000000100000000)
  region size 1024K, 92 young (94208K), 10 survivors (10240K)
 Metaspace       used 49141K, capacity 50365K, committed 50560K, reserved 1093632K
  class space    used 6257K, capacity 6658K, committed 6784K, reserved 1048576K
}
Event: 10.175 GC heap after
{Heap after GC invocations=11 (full 0):
 garbage-first heap   total 157696K, used 36629K [0x0000000080000000, 0x0000000100000000)
  region size 1024K, 12 young (12288K), 12 survivors (12288K)
 Metaspace       used 49141K, capacity 50365K, committed 50560K, reserved 1093632K
  class space    used 6257K, capacity 6658K, committed 6784K, reserved 1048576K
}
Event: 12.143 GC heap before
{Heap before GC invocations=11 (full 0):
 garbage-first heap   total 157696K, used 112405K [0x0000000080000000, 0x0000000100000000)
  region size 1024K, 87 young (89088K), 12 survivors (12288K)
 Metaspace       used 58643K, capacity 60042K, committed 60160K, reserved 1101824K
  class space    used 7425K, capacity 7906K, committed 7936K, reserved 1048576K
}

