# JRE version: OpenJDK Runtime Environment (11.0.8+10) (build 11.0.8+10-b944.6842174)
# Java VM: OpenJDK 64-Bit Server VM (11.0.8+10-b944.6842174, mixed mode, tiered, compressed oops, g1 gc, windows-amd64)
Heap:
 garbage-first heap   total 157696K, used 89195K [0x0000000080000000, 0x0000000100000000)
  region size 1024K, 21 young (21504K), 4 survivors (4096K)
 Metaspace       used 83469K, capacity 85435K, committed 85452K, reserved 1124352K
  class space    used 10764K, capacity 11451K, committed 11468K, reserved 1048576K
GC Heap History (20 events):
Event: 9.254 GC heap before
{Heap before GC invocations=7 (full 0):
 garbage-first heap   total 131072K, used 64429K [0x0000000080000000, 0x0000000100000000)
  region size 1024K, 49 young (50176K), 3 survivors (3072K)
 Metaspace       used 35094K, capacity 35829K, committed 35840K, reserved 1081344K
  class space    used 4568K, capacity 4856K, committed 4864K, reserved 1048576K
}
Event: 9.272 GC heap after
{Heap after GC invocations=8 (full 0):
 garbage-first heap   total 131072K, used 21453K [0x0000000080000000, 0x0000000100000000)
  region size 1024K, 6 young (6144K), 6 survivors (6144K)
 Metaspace       used 35094K, capacity 35829K, committed 35840K, reserved 1081344K
  class space    used 4568K, capacity 4856K, committed 4864K, reserved 1048576K
}
Event: 11.219 GC heap before
{Heap before GC invocations=9 (full 0):
 garbage-first heap   total 131072K, used 84941K [0x0000000080000000, 0x0000000100000000)
  region size 1024K, 65 young (66560K), 6 survivors (6144K)
 Metaspace       used 41045K, capacity 41918K, committed 42240K, reserved 1085440K
  class space    used 5247K, capacity 5536K, committed 5632K, reserved 1048576K
}
Event: 11.238 GC heap after
{Heap after GC invocations=10 (full 0):
 garbage-first heap   total 157696K, used 24786K [0x0000000080000000, 0x0000000100000000)
  region size 1024K, 7 young (7168K), 7 survivors (7168K)
 Metaspace       used 41045K, capacity 41918K, committed 42240K, reserved 1085440K
  class space    used 5247K, capacity 5536K, committed 5632K, reserved 1048576K
}
Event: 16.064 GC heap before
{Heap before GC invocations=10 (full 0):
 garbage-first heap   total 157696K, used 97490K [0x0000000080000000, 0x0000000100000000)
  region size 1024K, 76 young (77824K), 7 survivors (7168K)
 Metaspace       used 44634K, capacity 45742K, committed 45824K, reserved 1089536K
  class space    used 5711K, capacity 6087K, committed 6144K, reserved 1048576K
}
Event: 16.086 GC heap after
{Heap after GC invocations=11 (full 0):
 garbage-first heap   total 157696K, used 35097K [0x0000000080000000, 0x0000000100000000)
  region size 1024K, 10 young (10240K), 10 survivors (10240K)
 Metaspace       used 44634K, capacity 45742K, committed 45824K, reserved 1089536K
  class space    used 5711K, capacity 6087K, committed 6144K, reserved 1048576K
}
Event: 19.945 GC heap before
{Heap before GC invocations=11 (full 0):
 garbage-first heap   total 157696K, used 113945K [0x0000000080000000, 0x0000000100000000)
  region size 1024K, 87 young (89088K), 10 survivors (10240K)
 Metaspace       used 56019K, capacity 57489K, committed 57600K, reserved 1099776K
  class space    used 7115K, capacity 7597K, committed 7680K, reserved 1048576K
}
Event: 19.966 GC heap after
{Heap after GC invocations=12 (full 0):
 garbage-first heap   total 157696K, used 39764K [0x0000000080000000, 0x0000000100000000)
  region size 1024K, 5 young (5120K), 5 survivors (5120K)
 Metaspace       used 56019K, capacity 57489K, committed 57600K, reserved 1099776K
  class space    used 7115K, capacity 7597K, committed 7680K, reserved 1048576K
}
Event: 21.521 GC heap before
{Heap before GC invocations=12 (full 0):
 garbage-first heap   total 157696K, used 70484K [0x0000000080000000, 0x0000000100000000)
  region size 1024K, 36 young (36864K), 5 survivors (5120K)
 Metaspace       used 58714K, capacity 60116K, committed 60160K, reserved 1101824K
  class space    used 7428K, capacity 7907K, committed 7936K, reserved 1048576K
}
Event: 21.542 GC heap after
{Heap after GC invocations=13 (full 0):
 garbage-first heap   total 157696K, used 43122K [0x0000000080000000, 0x0000000100000000)
  region size 1024K, 8 young (8192K), 8 survivors (8192K)
 Metaspace       used 58714K, capacity 60116K, committed 60160K, reserved 1101824K
  class space    used 7428K, capacity 7907K, committed 7936K, reserved 1048576K
}
Event: 25.312 GC heap before
{Heap before GC invocations=14 (full 0):
 garbage-first heap   total 157696K, used 120946K [0x0000000080000000, 0x0000000100000000)
  region size 1024K, 84 young (86016K), 8 survivors (8192K)
 Metaspace       used 65528K, capacity 67033K, committed 67276K, reserved 1107968K
  class space    used 8525K, capacity 9048K, committed 9164K, reserved 1048576K
}
Event: 25.338 GC heap after
{Heap after GC invocations=15 (full 0):
 garbage-first heap   total 157696K, used 47637K [0x0000000080000000, 0x0000000100000000)
  region size 1024K, 9 young (9216K), 9 survivors (9216K)
 Metaspace       used 65528K, capacity 67033K, committed 67276K, reserved 1107968K
  class space    used 8525K, capacity 9048K, committed 9164K, reserved 1048576K
}
Event: 28.255 GC heap before
{Heap before GC invocations=15 (full 0):
 garbage-first heap   total 157696K, used 122389K [0x0000000080000000, 0x0000000100000000)
  region size 1024K, 83 young (84992K), 9 survivors (9216K)
 Metaspace       used 74170K, capacity 76011K, committed 76236K, reserved 1116160K
  class space    used 9692K, capacity 10320K, committed 10444K, reserved 1048576K
}
Event: 28.278 GC heap after
{Heap after GC invocations=16 (full 0):
 garbage-first heap   total 157696K, used 52292K [0x0000000080000000, 0x0000000100000000)
  region size 1024K, 11 young (11264K), 11 survivors (11264K)
 Metaspace       used 74170K, capacity 76011K, committed 76236K, reserved 1116160K
  class space    used 9692K, capacity 10320K, committed 10444K, reserved 1048576K
}
Event: 30.833 GC heap before
{Heap before GC invocations=16 (full 0):
 garbage-first heap   total 157696K, used 124996K [0x0000000080000000, 0x0000000100000000)
  region size 1024K, 81 young (82944K), 11 survivors (11264K)
 Metaspace       used 76430K, capacity 78353K, committed 78540K, reserved 1118208K
  class space    used 9968K, capacity 10641K, committed 10700K, reserved 1048576K
}
Event: 30.873 GC heap after
{Heap after GC invocations=17 (full 0):
 garbage-first heap   total 157696K, used 64301K [0x0000000080000000, 0x0000000100000000)
  region size 1024K, 11 young (11264K), 11 survivors (11264K)
 Metaspace       used 76430K, capacity 78353K, committed 78540K, reserved 1118208K
  class space    used 9968K, capacity 10641K, committed 10700K, reserved 1048576K
}
Event: 32.886 GC heap before
{Heap before GC invocations=17 (full 0):
 garbage-first heap   total 157696K, used 135981K [0x0000000080000000, 0x0000000100000000)
  region size 1024K, 67 young (68608K), 11 survivors (11264K)
 Metaspace       used 80030K, capacity 81897K, committed 81996K, reserved 1120256K
  class space    used 10339K, capacity 11010K, committed 11084K, reserved 1048576K
}
Event: 32.915 GC heap after
{Heap after GC invocations=18 (full 0):
 garbage-first heap   total 157696K, used 70144K [0x0000000080000000, 0x0000000100000000)
  region size 1024K, 6 young (6144K), 6 survivors (6144K)
 Metaspace       used 80030K, capacity 81897K, committed 81996K, reserved 1120256K
  class space    used 10339K, capacity 11010K, committed 11084K, reserved 1048576K
}
Event: 34.243 GC heap before
{Heap before GC invocations=18 (full 0):
 garbage-first heap   total 157696K, used 122368K [0x0000000080000000, 0x0000000100000000)
  region size 1024K, 58 young (59392K), 6 survivors (6144K)
 Metaspace       used 83414K, capacity 85365K, committed 85452K, reserved 1124352K
  class space    used 10762K, capacity 11451K, committed 11468K, reserved 1048576K
}
Event: 34.262 GC heap after
{Heap after GC invocations=19 (full 0):
 garbage-first heap   total 157696K, used 73835K [0x0000000080000000, 0x0000000100000000)
  region size 1024K, 4 young (4096K), 4 survivors (4096K)
 Metaspace       used 83414K, capacity 85365K, committed 85452K, reserved 1124352K
  class space    used 10762K, capacity 11451K, committed 11468K, reserved 1048576K
}

