# JRE version: OpenJDK Runtime Environment (11.0.8+10) (build 11.0.8+10-b944.6842174)
# Java VM: OpenJDK 64-Bit Server VM (11.0.8+10-b944.6842174, mixed mode, tiered, compressed oops, g1 gc, windows-amd64)
Heap:
 garbage-first heap   total 157696K, used 20103K [0x0000000080000000, 0x0000000100000000)
  region size 1024K, 5 young (5120K), 5 survivors (5120K)
 Metaspace       used 31851K, capacity 32477K, committed 32640K, reserved 1087488K
  class space    used 4126K, capacity 4361K, committed 4480K, reserved 1048576K
GC Heap History (12 events):
Event: 0.905 GC heap before
{Heap before GC invocations=0 (full 0):
 garbage-first heap   total 131072K, used 19456K [0x0000000080000000, 0x0000000100000000)
  region size 1024K, 14 young (14336K), 0 survivors (0K)
 Metaspace       used 7451K, capacity 7663K, committed 7936K, reserved 1056768K
  class space    used 686K, capacity 748K, committed 768K, reserved 1048576K
}
Event: 0.914 GC heap after
{Heap after GC invocations=1 (full 0):
 garbage-first heap   total 131072K, used 7912K [0x0000000080000000, 0x0000000100000000)
  region size 1024K, 2 young (2048K), 2 survivors (2048K)
 Metaspace       used 7451K, capacity 7663K, committed 7936K, reserved 1056768K
  class space    used 686K, capacity 748K, committed 768K, reserved 1048576K
}
Event: 1.513 GC heap before
{Heap before GC invocations=1 (full 0):
 garbage-first heap   total 131072K, used 19176K [0x0000000080000000, 0x0000000100000000)
  region size 1024K, 13 young (13312K), 2 survivors (2048K)
 Metaspace       used 10805K, capacity 11063K, committed 11264K, reserved 1058816K
  class space    used 1142K, capacity 1201K, committed 1280K, reserved 1048576K
}
Event: 1.517 GC heap after
{Heap after GC invocations=2 (full 0):
 garbage-first heap   total 131072K, used 8766K [0x0000000080000000, 0x0000000100000000)
  region size 1024K, 1 young (1024K), 1 survivors (1024K)
 Metaspace       used 10805K, capacity 11063K, committed 11264K, reserved 1058816K
  class space    used 1142K, capacity 1201K, committed 1280K, reserved 1048576K
}
Event: 2.156 GC heap before
{Heap before GC invocations=2 (full 0):
 garbage-first heap   total 131072K, used 34366K [0x0000000080000000, 0x0000000100000000)
  region size 1024K, 27 young (27648K), 1 survivors (1024K)
 Metaspace       used 10972K, capacity 11192K, committed 11520K, reserved 1058816K
  class space    used 1142K, capacity 1201K, committed 1280K, reserved 1048576K
}
Event: 2.162 GC heap after
{Heap after GC invocations=3 (full 0):
 garbage-first heap   total 131072K, used 12288K [0x0000000080000000, 0x0000000100000000)
  region size 1024K, 4 young (4096K), 4 survivors (4096K)
 Metaspace       used 10972K, capacity 11192K, committed 11520K, reserved 1058816K
  class space    used 1142K, capacity 1201K, committed 1280K, reserved 1048576K
}
Event: 4.531 GC heap before
{Heap before GC invocations=3 (full 0):
 garbage-first heap   total 131072K, used 51200K [0x0000000080000000, 0x0000000100000000)
  region size 1024K, 42 young (43008K), 4 survivors (4096K)
 Metaspace       used 18100K, capacity 18514K, committed 18688K, reserved 1064960K
  class space    used 2162K, capacity 2294K, committed 2304K, reserved 1048576K
}
Event: 4.543 GC heap after
{Heap after GC invocations=4 (full 0):
 garbage-first heap   total 131072K, used 15601K [0x0000000080000000, 0x0000000100000000)
  region size 1024K, 4 young (4096K), 4 survivors (4096K)
 Metaspace       used 18100K, capacity 18514K, committed 18688K, reserved 1064960K
  class space    used 2162K, capacity 2294K, committed 2304K, reserved 1048576K
}
Event: 4.941 GC heap before
{Heap before GC invocations=4 (full 0):
 garbage-first heap   total 131072K, used 33009K [0x0000000080000000, 0x0000000100000000)
  region size 1024K, 22 young (22528K), 4 survivors (4096K)
 Metaspace       used 20579K, capacity 21095K, committed 21248K, reserved 1067008K
  class space    used 2526K, capacity 2712K, committed 2816K, reserved 1048576K
}
Event: 4.948 GC heap after
{Heap after GC invocations=5 (full 0):
 garbage-first heap   total 131072K, used 16242K [0x0000000080000000, 0x0000000100000000)
  region size 1024K, 4 young (4096K), 4 survivors (4096K)
 Metaspace       used 20579K, capacity 21095K, committed 21248K, reserved 1067008K
  class space    used 2526K, capacity 2712K, committed 2816K, reserved 1048576K
}
Event: 7.007 GC heap before
{Heap before GC invocations=6 (full 0):
 garbage-first heap   total 131072K, used 68466K [0x0000000080000000, 0x0000000100000000)
  region size 1024K, 55 young (56320K), 4 survivors (4096K)
 Metaspace       used 26362K, capacity 27045K, committed 27264K, reserved 1073152K
  class space    used 3456K, capacity 3698K, committed 3712K, reserved 1048576K
}
Event: 7.025 GC heap after
{Heap after GC invocations=7 (full 0):
 garbage-first heap   total 131072K, used 18343K [0x0000000080000000, 0x0000000100000000)
  region size 1024K, 3 young (3072K), 3 survivors (3072K)
 Metaspace       used 26362K, capacity 27045K, committed 27264K, reserved 1073152K
  class space    used 3456K, capacity 3698K, committed 3712K, reserved 1048576K
}

